[2016.05.14-15.43.47:599][  0]Log file open, 05/14/16 16:43:47
[2016.05.14-15.43.47:599][  0]LogInit:Display: Running engine for game: TTKREV
[2016.05.14-15.43.47:599][  0]LogPlatformFile: Not using cached read wrapper
[2016.05.14-15.43.47:599][  0]LogInit:Display: RandInit(-2079355161) SRandInit(-2079355160).
[2016.05.14-15.43.47:599][  0]LogTaskGraph: Started task graph with 4 named threads and 7 total threads.
[2016.05.14-15.43.47:599][  0]LogStats: Stats thread started at 0.061238
[2016.05.14-15.43.47:599][  0]LogInit: Version: 4.10.4-2872498+++depot+UE4-Releases+4.10
[2016.05.14-15.43.47:599][  0]LogInit: API Version: 2758231
[2016.05.14-15.43.47:599][  0]LogInit: Compiled (64-bit): Feb 18 2016 15:47:04
[2016.05.14-15.43.47:599][  0]LogInit: Compiled with Visual C++: 19.00.23026.00
[2016.05.14-15.43.47:599][  0]LogInit: Build Configuration: Development
[2016.05.14-15.43.47:599][  0]LogInit: Branch Name: ++depot+UE4-Releases+4.10
[2016.05.14-15.43.47:599][  0]LogInit: Command line: -EpicPortal 
[2016.05.14-15.43.47:599][  0]LogInit: Base directory: C:/Program Files (x86)/Epic Games/4.10/Engine/Binaries/Win64/
[2016.05.14-15.43.47:599][  0]LogInit: Rocket: 1
[2016.05.14-15.43.47:602][  0]LogInit: Using libcurl 7.41.0
[2016.05.14-15.43.47:602][  0]LogInit:  - built for x86_64-pc-win32
[2016.05.14-15.43.47:602][  0]LogInit:  - supports SSL with WinSSL
[2016.05.14-15.43.47:602][  0]LogInit:  - other features:
[2016.05.14-15.43.47:602][  0]LogInit:      CURL_VERSION_SSL
[2016.05.14-15.43.47:602][  0]LogInit:      CURL_VERSION_IPV6
[2016.05.14-15.43.47:602][  0]LogInit:      CURL_VERSION_ASYNCHDNS
[2016.05.14-15.43.47:602][  0]LogInit:      CURL_VERSION_LARGEFILE
[2016.05.14-15.43.47:602][  0]LogInit:      CURL_VERSION_IDN
[2016.05.14-15.43.47:602][  0]LogInit:  CurlRequestOptions (configurable via config and command line):
[2016.05.14-15.43.47:602][  0]LogInit:  - bVerifyPeer = true  - Libcurl will verify peer certificate
[2016.05.14-15.43.47:602][  0]LogInit:  - bUseHttpProxy = false  - Libcurl will NOT use HTTP proxy
[2016.05.14-15.43.47:602][  0]LogInit:  - bDontReuseConnections = false  - Libcurl will reuse connections
[2016.05.14-15.43.47:602][  0]LogInit:  - CertBundlePath = nullptr  - Libcurl will use whatever was configured at build time.
[2016.05.14-15.43.47:605][  0]LogInit: Presizing for 0 objects not considered by GC, pre-allocating 0 bytes.
[2016.05.14-15.43.47:610][  0]LogInit: Object subsystem initialized
[2016.05.14-15.43.47:612][  0]LogInit: Selected Device Profile: [Windows]
[2016.05.14-15.43.47:612][  0]LogInit: Applying CVar settings loaded from the selected device profile: [Windows]
[2016.05.14-15.43.47:617][  0]LogInit: Computer: SAM-PC
[2016.05.14-15.43.47:617][  0]LogInit: User: Sam
[2016.05.14-15.43.47:617][  0]LogInit: CPU Page size=4096, Cores=4
[2016.05.14-15.43.47:617][  0]LogInit: High frequency timer resolution =3.984677 MHz
[2016.05.14-15.43.47:617][  0]LogMemory: Memory total: Physical=15.9GB (16GB approx)
[2016.05.14-15.43.47:617][  0]LogMemory: Platform Memory Stats for Windows
[2016.05.14-15.43.47:617][  0]LogMemory: Process Physical Memory: 56.85 MB used, 56.85 MB peak
[2016.05.14-15.43.47:617][  0]LogMemory: Process Virtual Memory: 59.70 MB used, 59.70 MB peak
[2016.05.14-15.43.47:617][  0]LogMemory: Physical Memory: 8614.55 MB used, 16326.59 MB total
[2016.05.14-15.43.47:617][  0]LogMemory: Virtual Memory: 355.77 MB used, 8388608.00 MB total
[2016.05.14-15.43.47:644][  0]LogTextLocalizationManager: No specific translations for ('en-US') exist, so ('en') translations will be used.
[2016.05.14-15.43.47:976][  0]LogD3D11RHI: Found D3D11 adapter 0: NVIDIA GeForce GTX 970 (Feature Level 11_0)
[2016.05.14-15.43.47:976][  0]LogD3D11RHI: Adapter has 4007MB of dedicated video memory, 0MB of dedicated system memory, and 7907MB of shared system memory, 1 output[s]
[2016.05.14-15.43.47:976][  0]LogD3D11RHI: Chosen D3D11 Adapter Id = 0
[2016.05.14-15.43.47:980][  0]LogD3D11RHI: !Direct3DDevice
[2016.05.14-15.43.47:980][  0]LogRHI: Texture pool is 1361 MB (70% of 1945 MB)
[2016.05.14-15.43.47:990][  0]LogD3D11RHI: Async texture creation enabled
[2016.05.14-15.43.48:004][  0]LogShaderCompilers: Guid format shader working directory is 19 characters bigger than the processId version (E:/Unreal Projects/TTKREV/Intermediate/Shaders/WorkingDirectory/8912/).
[2016.05.14-15.43.48:004][  0]LogShaderCompilers: Cleaned the shader compiler working directory 'C:/Users/Sam/AppData/Local/Temp/UnrealShaderWorkingDir/AC9D091448FC3CB0B1FC969CC7BC34F6/'.
[2016.05.14-15.43.48:004][  0]LogShaderCompilers:Display: Using Local Shader Compiler.
[2016.05.14-15.43.48:574][  0]LogTemp:Display: Loaded TP AllDesktopTargetPlatform
[2016.05.14-15.43.48:577][  0]LogTemp:Display: Loaded TP WindowsClientTargetPlatform
[2016.05.14-15.43.48:580][  0]LogTemp:Display: Loaded TP WindowsNoEditorTargetPlatform
[2016.05.14-15.43.48:583][  0]LogTemp:Display: Loaded TP WindowsServerTargetPlatform
[2016.05.14-15.43.48:586][  0]LogTemp:Display: Loaded TP WindowsTargetPlatform
[2016.05.14-15.43.48:589][  0]LogTemp:Display: Loaded TP AndroidTargetPlatform
[2016.05.14-15.43.48:591][  0]LogTemp:Display: Loaded TP Android_ASTCTargetPlatform
[2016.05.14-15.43.48:593][  0]LogTemp:Display: Loaded TP Android_ATCTargetPlatform
[2016.05.14-15.43.48:596][  0]LogTemp:Display: Loaded TP Android_DXTTargetPlatform
[2016.05.14-15.43.48:598][  0]LogTemp:Display: Loaded TP Android_ETC1TargetPlatform
[2016.05.14-15.43.48:599][  0]LogTemp:Display: Loaded TP Android_ETC2TargetPlatform
[2016.05.14-15.43.48:604][  0]LogTemp:Display: Loaded TP Android_MultiTargetPlatform
[2016.05.14-15.43.48:604][  0]LogTemp:Display: Loaded TP Android_PVRTCTargetPlatform
[2016.05.14-15.43.48:604][  0]LogTemp:Display: Loaded TP HTML5TargetPlatform
[2016.05.14-15.43.48:617][  0]LogTemp:Display: Loaded TP IOSTargetPlatform
[2016.05.14-15.43.48:619][  0]LogTemp:Display: Loaded TP LinuxNoEditorTargetPlatform
[2016.05.14-15.43.48:620][  0]LogTemp:Display: Loaded TP LinuxServerTargetPlatform
[2016.05.14-15.43.48:622][  0]LogTemp:Display: Loaded TP LinuxTargetPlatform
[2016.05.14-15.43.48:623][  0]LogTargetPlatformManager:Display: Building Assets For Windows
[2016.05.14-15.43.48:665][  0]LogDerivedDataCache:Display: Max Cache Size: 512 MB
[2016.05.14-15.43.48:701][  0]LogDerivedDataCache: Loaded boot cache 0.04s 41MB C:/Users/Sam/AppData/Local/UnrealEngine/4.10/DerivedDataCache/Boot.ddc.
[2016.05.14-15.43.48:701][  0]LogDerivedDataCache:Display: Loaded Boot cache: C:/Users/Sam/AppData/Local/UnrealEngine/4.10/DerivedDataCache/Boot.ddc
[2016.05.14-15.43.48:701][  0]LogDerivedDataCache: FDerivedDataBackendGraph:  Pak pak cache file E:/Unreal Projects/TTKREV/DerivedDataCache/DDC.ddp not found, will not use a pak cache.
[2016.05.14-15.43.48:701][  0]LogDerivedDataCache: Unable to find inner node Pak for hierarchical cache Hierarchy.
[2016.05.14-15.43.48:702][  0]LogDerivedDataCache: FDerivedDataBackendGraph:  CompressedPak pak cache file E:/Unreal Projects/TTKREV/DerivedDataCache/Compressed.ddp not found, will not use a pak cache.
[2016.05.14-15.43.48:702][  0]LogDerivedDataCache: Unable to find inner node CompressedPak for hierarchical cache Hierarchy.
[2016.05.14-15.43.48:747][  0]LogDerivedDataCache:Display: Pak cache opened for reading ../../../Engine/DerivedDataCache/Compressed.ddp.
[2016.05.14-15.43.48:758][  0]LogDerivedDataCache: Using Local data cache path C:/Users/Sam/AppData/Local/UnrealEngine/Common/DerivedDataCache: Writable
[2016.05.14-15.43.48:891][  0]LogInit: Selected Device Profile: [Windows]
[2016.05.14-15.43.48:891][  0]LogContentStreaming: Texture pool size is 0.000000MB
[2016.05.14-15.43.48:910][  0]LogMeshUtilities: No automatic mesh reduction module available
[2016.05.14-15.43.48:910][  0]LogMeshUtilities: No automatic mesh merging module available
[2016.05.14-15.43.49:126][  0]LogInit: WinSock: version 1.1 (2.2), MaxSocks=32767, MaxUdp=65467
[2016.05.14-15.43.49:640][  0]UdpMessaging: Initializing bridge on interface 0.0.0.0:0 to multicast group 230.0.0.1:6666.
[2016.05.14-15.43.49:718][  0]LogAssetRegistry: FAssetRegistry took 0.0102 seconds to start up
[2016.05.14-15.43.49:818][  0]SourceControl: Info Source control is disabled
[2016.05.14-15.43.49:826][  0]SourceControl: Info Source control is disabled
[2016.05.14-15.43.49:831][  0]SourceControl: Info Source control is disabled
[2016.05.14-15.43.49:836][  0]SourceControl: Info Source control is disabled
[2016.05.14-15.43.49:966][  0]LogObj: 28633 objects as part of root set at end of initial load.
[2016.05.14-15.43.49:966][  0]LogUObjectAllocator: 6099744 out of 0 bytes used by permanent object pool.
[2016.05.14-15.43.50:017][  0]LogEngine: Initializing Engine...
[2016.05.14-15.43.50:020][  0]LogHMD: Can't find Oculus library dev build: is proper Runtime installed? Version: 0.8.0.0
[2016.05.14-15.43.50:020][  0]LogHMD: SteamVR failed to initialize.  Err: 110
[2016.05.14-15.43.50:128][  0]LogAIModule: Creating AISystem for world NewWorld
[2016.05.14-15.43.50:132][  0]LogInit: XAudio2 using 'Speakers (Realtek High Definition Audio)' : 2 channels at 48 kHz using 32 bits per sample (channel mask 0x3)
[2016.05.14-15.43.50:147][  0]LogInit: FAudioDevice initialized.
[2016.05.14-15.43.50:164][  0]LogDerivedDataCache: Saved boot cache 0.02s 41MB C:/Users/Sam/AppData/Local/UnrealEngine/4.10/DerivedDataCache/Boot.ddc.
[2016.05.14-15.43.50:167][  0]LogInit: Texture streaming: Enabled
[2016.05.14-15.43.50:170][  0]LogAnalytics: Creating configured Analytics provider AnalyticsET
[2016.05.14-15.43.50:170][  0]LogAnalytics: [UEEditor.Rocket.Release] APIServer = http://et2.epicgames.com/ET2/. AppVersion = 4.10.4-2872498+++depot+UE4-Releases+4.10
[2016.05.14-15.43.50:170][  0]LogAnalytics: [UEEditor.Rocket.Release] SetUserId 5c21ef104e456a5ada4431b0d30ec464|191b20fed66e42e5a0b32fe2c5818861|62c26458-64c2-47b3-92e9-d9ed9a2e1a59
[2016.05.14-15.43.50:170][  0]LogAnalytics: [UEEditor.Rocket.Release] AnalyticsET::StartSession
[2016.05.14-15.43.50:176][  0]LogInit: Transaction tracking system initialized
[2016.05.14-15.43.50:195][  0]BlueprintLog: New page: Editor Load
[2016.05.14-15.43.50:415][  0]LocalizationService: Info Localization service is disabled
[2016.05.14-15.43.50:508][  0]LogConsoleResponse:Display: 
[2016.05.14-15.43.50:598][  0]LogCook:Display: Done creating registry. It took  0.00s.
[2016.05.14-15.43.50:635][  0]LogFileCache: Scanning file cache for directory 'E:/Unreal Projects/TTKREV/Content/' took 0.01s
[2016.05.14-15.43.50:635][  0]SourceControl: Info Source control is disabled
[2016.05.14-15.43.50:637][  0]LogFactory: FactoryCreateBinary: PackFactory with PackFactory (0 0 C:/Program Files (x86)/Epic Games/4.10/FeaturePacks/StarterContent.upack)
[2016.05.14-15.43.50:641][  0]LogPackFactory: Finished extracting 8 files (including 0 errors).
[2016.05.14-15.43.50:645][  0]LogPackFactory: Copied "../../../Samples/StarterContent/Content/StarterContent/Architecture/Floor_400x400.uasset" to "E:/Unreal Projects/TTKREV/Content/StarterContent/Architecture/Floor_400x400.uasset"
[2016.05.14-15.43.50:649][  0]LogPackFactory: Copied "../../../Samples/StarterContent/Content/StarterContent/Architecture/Pillar_50x500.uasset" to "E:/Unreal Projects/TTKREV/Content/StarterContent/Architecture/Pillar_50x500.uasset"
[2016.05.14-15.43.50:654][  0]LogPackFactory: Copied "../../../Samples/StarterContent/Content/StarterContent/Architecture/SM_AssetPlatform.uasset" to "E:/Unreal Projects/TTKREV/Content/StarterContent/Architecture/SM_AssetPlatform.uasset"
[2016.05.14-15.43.50:658][  0]LogPackFactory: Copied "../../../Samples/StarterContent/Content/StarterContent/Architecture/Wall_400x200.uasset" to "E:/Unreal Projects/TTKREV/Content/StarterContent/Architecture/Wall_400x200.uasset"
[2016.05.14-15.43.50:662][  0]LogPackFactory: Copied "../../../Samples/StarterContent/Content/StarterContent/Architecture/Wall_400x300.uasset" to "E:/Unreal Projects/TTKREV/Content/StarterContent/Architecture/Wall_400x300.uasset"
[2016.05.14-15.43.50:665][  0]LogPackFactory: Copied "../../../Samples/StarterContent/Content/StarterContent/Architecture/Wall_400x400.uasset" to "E:/Unreal Projects/TTKREV/Content/StarterContent/Architecture/Wall_400x400.uasset"
[2016.05.14-15.43.50:669][  0]LogPackFactory: Copied "../../../Samples/StarterContent/Content/StarterContent/Architecture/Wall_500x500.uasset" to "E:/Unreal Projects/TTKREV/Content/StarterContent/Architecture/Wall_500x500.uasset"
[2016.05.14-15.43.50:673][  0]LogPackFactory: Copied "../../../Samples/StarterContent/Content/StarterContent/Architecture/Wall_Door_400x300.uasset" to "E:/Unreal Projects/TTKREV/Content/StarterContent/Architecture/Wall_Door_400x300.uasset"
[2016.05.14-15.43.50:677][  0]LogPackFactory: Copied "../../../Samples/StarterContent/Content/StarterContent/Architecture/Wall_Door_400x400.uasset" to "E:/Unreal Projects/TTKREV/Content/StarterContent/Architecture/Wall_Door_400x400.uasset"
[2016.05.14-15.43.50:683][  0]LogPackFactory: Copied "../../../Samples/StarterContent/Content/StarterContent/Architecture/Wall_Window_400x300.uasset" to "E:/Unreal Projects/TTKREV/Content/StarterContent/Architecture/Wall_Window_400x300.uasset"
[2016.05.14-15.43.50:688][  0]LogPackFactory: Copied "../../../Samples/StarterContent/Content/StarterContent/Architecture/Wall_Window_400x400.uasset" to "E:/Unreal Projects/TTKREV/Content/StarterContent/Architecture/Wall_Window_400x400.uasset"
[2016.05.14-15.43.50:694][  0]LogPackFactory: Copied "../../../Samples/StarterContent/Content/StarterContent/Audio/Collapse01.uasset" to "E:/Unreal Projects/TTKREV/Content/StarterContent/Audio/Collapse01.uasset"
[2016.05.14-15.43.50:700][  0]LogPackFactory: Copied "../../../Samples/StarterContent/Content/StarterContent/Audio/Collapse02.uasset" to "E:/Unreal Projects/TTKREV/Content/StarterContent/Audio/Collapse02.uasset"
[2016.05.14-15.43.50:702][  0]LogPackFactory: Copied "../../../Samples/StarterContent/Content/StarterContent/Audio/Collapse_Cue.uasset" to "E:/Unreal Projects/TTKREV/Content/StarterContent/Audio/Collapse_Cue.uasset"
[2016.05.14-15.43.50:707][  0]LogPackFactory: Copied "../../../Samples/StarterContent/Content/StarterContent/Audio/Explosion01.uasset" to "E:/Unreal Projects/TTKREV/Content/StarterContent/Audio/Explosion01.uasset"
[2016.05.14-15.43.50:713][  0]LogPackFactory: Copied "../../../Samples/StarterContent/Content/StarterContent/Audio/Explosion02.uasset" to "E:/Unreal Projects/TTKREV/Content/StarterContent/Audio/Explosion02.uasset"
[2016.05.14-15.43.50:715][  0]LogPackFactory: Copied "../../../Samples/StarterContent/Content/StarterContent/Audio/Explosion_Cue.uasset" to "E:/Unreal Projects/TTKREV/Content/StarterContent/Audio/Explosion_Cue.uasset"
[2016.05.14-15.43.50:720][  0]LogPackFactory: Copied "../../../Samples/StarterContent/Content/StarterContent/Audio/Fire01.uasset" to "E:/Unreal Projects/TTKREV/Content/StarterContent/Audio/Fire01.uasset"
[2016.05.14-15.43.50:722][  0]LogPackFactory: Copied "../../../Samples/StarterContent/Content/StarterContent/Audio/Fire01_Cue.uasset" to "E:/Unreal Projects/TTKREV/Content/StarterContent/Audio/Fire01_Cue.uasset"
[2016.05.14-15.43.50:729][  0]LogPackFactory: Copied "../../../Samples/StarterContent/Content/StarterContent/Audio/Fire_Sparks01.uasset" to "E:/Unreal Projects/TTKREV/Content/StarterContent/Audio/Fire_Sparks01.uasset"
[2016.05.14-15.43.50:731][  0]LogPackFactory: Copied "../../../Samples/StarterContent/Content/StarterContent/Audio/Fire_Sparks01_Cue.uasset" to "E:/Unreal Projects/TTKREV/Content/StarterContent/Audio/Fire_Sparks01_Cue.uasset"
[2016.05.14-15.43.50:736][  0]LogPackFactory: Copied "../../../Samples/StarterContent/Content/StarterContent/Audio/Light01.uasset" to "E:/Unreal Projects/TTKREV/Content/StarterContent/Audio/Light01.uasset"
[2016.05.14-15.43.50:739][  0]LogPackFactory: Copied "../../../Samples/StarterContent/Content/StarterContent/Audio/Light01_Cue.uasset" to "E:/Unreal Projects/TTKREV/Content/StarterContent/Audio/Light01_Cue.uasset"
[2016.05.14-15.43.50:744][  0]LogPackFactory: Copied "../../../Samples/StarterContent/Content/StarterContent/Audio/Light02.uasset" to "E:/Unreal Projects/TTKREV/Content/StarterContent/Audio/Light02.uasset"
[2016.05.14-15.43.50:746][  0]LogPackFactory: Copied "../../../Samples/StarterContent/Content/StarterContent/Audio/Light02_Cue.uasset" to "E:/Unreal Projects/TTKREV/Content/StarterContent/Audio/Light02_Cue.uasset"
[2016.05.14-15.43.50:752][  0]LogPackFactory: Copied "../../../Samples/StarterContent/Content/StarterContent/Audio/Smoke01.uasset" to "E:/Unreal Projects/TTKREV/Content/StarterContent/Audio/Smoke01.uasset"
[2016.05.14-15.43.50:755][  0]LogPackFactory: Copied "../../../Samples/StarterContent/Content/StarterContent/Audio/Smoke01_Cue.uasset" to "E:/Unreal Projects/TTKREV/Content/StarterContent/Audio/Smoke01_Cue.uasset"
[2016.05.14-15.43.50:758][  0]LogPackFactory: Copied "../../../Samples/StarterContent/Content/StarterContent/Audio/Starter_Background_Cue.uasset" to "E:/Unreal Projects/TTKREV/Content/StarterContent/Audio/Starter_Background_Cue.uasset"
[2016.05.14-15.43.50:773][  0]LogPackFactory: Copied "../../../Samples/StarterContent/Content/StarterContent/Audio/Starter_Birds01.uasset" to "E:/Unreal Projects/TTKREV/Content/StarterContent/Audio/Starter_Birds01.uasset"
[2016.05.14-15.43.50:807][  0]LogPackFactory: Copied "../../../Samples/StarterContent/Content/StarterContent/Audio/Starter_Music01.uasset" to "E:/Unreal Projects/TTKREV/Content/StarterContent/Audio/Starter_Music01.uasset"
[2016.05.14-15.43.50:809][  0]LogPackFactory: Copied "../../../Samples/StarterContent/Content/StarterContent/Audio/Starter_Music_Cue.uasset" to "E:/Unreal Projects/TTKREV/Content/StarterContent/Audio/Starter_Music_Cue.uasset"
[2016.05.14-15.43.50:821][  0]LogPackFactory: Copied "../../../Samples/StarterContent/Content/StarterContent/Audio/Starter_Wind05.uasset" to "E:/Unreal Projects/TTKREV/Content/StarterContent/Audio/Starter_Wind05.uasset"
[2016.05.14-15.43.50:834][  0]LogPackFactory: Copied "../../../Samples/StarterContent/Content/StarterContent/Audio/Starter_Wind06.uasset" to "E:/Unreal Projects/TTKREV/Content/StarterContent/Audio/Starter_Wind06.uasset"
[2016.05.14-15.43.50:841][  0]LogPackFactory: Copied "../../../Samples/StarterContent/Content/StarterContent/Audio/Steam01.uasset" to "E:/Unreal Projects/TTKREV/Content/StarterContent/Audio/Steam01.uasset"
[2016.05.14-15.43.50:843][  0]LogPackFactory: Copied "../../../Samples/StarterContent/Content/StarterContent/Audio/Steam01_Cue.uasset" to "E:/Unreal Projects/TTKREV/Content/StarterContent/Audio/Steam01_Cue.uasset"
[2016.05.14-15.43.50:847][  0]LogPackFactory: Copied "../../../Samples/StarterContent/Content/StarterContent/Blueprints/Blueprint_CeilingLight.uasset" to "E:/Unreal Projects/TTKREV/Content/StarterContent/Blueprints/Blueprint_CeilingLight.uasset"
[2016.05.14-15.43.50:851][  0]LogPackFactory: Copied "../../../Samples/StarterContent/Content/StarterContent/Blueprints/Blueprint_Effect_Explosion.uasset" to "E:/Unreal Projects/TTKREV/Content/StarterContent/Blueprints/Blueprint_Effect_Explosion.uasset"
[2016.05.14-15.43.50:855][  0]LogPackFactory: Copied "../../../Samples/StarterContent/Content/StarterContent/Blueprints/Blueprint_Effect_Fire.uasset" to "E:/Unreal Projects/TTKREV/Content/StarterContent/Blueprints/Blueprint_Effect_Fire.uasset"
[2016.05.14-15.43.50:859][  0]LogPackFactory: Copied "../../../Samples/StarterContent/Content/StarterContent/Blueprints/Blueprint_Effect_Smoke.uasset" to "E:/Unreal Projects/TTKREV/Content/StarterContent/Blueprints/Blueprint_Effect_Smoke.uasset"
[2016.05.14-15.43.50:863][  0]LogPackFactory: Copied "../../../Samples/StarterContent/Content/StarterContent/Blueprints/Blueprint_Effect_Sparks.uasset" to "E:/Unreal Projects/TTKREV/Content/StarterContent/Blueprints/Blueprint_Effect_Sparks.uasset"
[2016.05.14-15.43.50:868][  0]LogPackFactory: Copied "../../../Samples/StarterContent/Content/StarterContent/Blueprints/Blueprint_Effect_Steam.uasset" to "E:/Unreal Projects/TTKREV/Content/StarterContent/Blueprints/Blueprint_Effect_Steam.uasset"
[2016.05.14-15.43.50:874][  0]LogPackFactory: Copied "../../../Samples/StarterContent/Content/StarterContent/Blueprints/Blueprint_WallSconce.uasset" to "E:/Unreal Projects/TTKREV/Content/StarterContent/Blueprints/Blueprint_WallSconce.uasset"
[2016.05.14-15.43.50:880][  0]LogPackFactory: Copied "../../../Samples/StarterContent/Content/StarterContent/Blueprints/BP_LightStudio.uasset" to "E:/Unreal Projects/TTKREV/Content/StarterContent/Blueprints/BP_LightStudio.uasset"
[2016.05.14-15.43.50:882][  0]LogPackFactory: Copied "../../../Samples/StarterContent/Content/StarterContent/Blueprints/Assets/FogBrightnessLUT.uasset" to "E:/Unreal Projects/TTKREV/Content/StarterContent/Blueprints/Assets/FogBrightnessLUT.uasset"
[2016.05.14-15.43.50:885][  0]LogPackFactory: Copied "../../../Samples/StarterContent/Content/StarterContent/Blueprints/Assets/M_LightStage_Arrows.uasset" to "E:/Unreal Projects/TTKREV/Content/StarterContent/Blueprints/Assets/M_LightStage_Arrows.uasset"
[2016.05.14-15.43.50:889][  0]LogPackFactory: Copied "../../../Samples/StarterContent/Content/StarterContent/Blueprints/Assets/M_LightStage_Skybox_Black.uasset" to "E:/Unreal Projects/TTKREV/Content/StarterContent/Blueprints/Assets/M_LightStage_Skybox_Black.uasset"
[2016.05.14-15.43.50:894][  0]LogPackFactory: Copied "../../../Samples/StarterContent/Content/StarterContent/Blueprints/Assets/M_LightStage_Skybox_HDRI.uasset" to "E:/Unreal Projects/TTKREV/Content/StarterContent/Blueprints/Assets/M_LightStage_Skybox_HDRI.uasset"
[2016.05.14-15.43.50:898][  0]LogPackFactory: Copied "../../../Samples/StarterContent/Content/StarterContent/Blueprints/Assets/M_LightStage_Skybox_Master.uasset" to "E:/Unreal Projects/TTKREV/Content/StarterContent/Blueprints/Assets/M_LightStage_Skybox_Master.uasset"
[2016.05.14-15.43.50:904][  0]LogPackFactory: Copied "../../../Samples/StarterContent/Content/StarterContent/Blueprints/Assets/Skybox.uasset" to "E:/Unreal Projects/TTKREV/Content/StarterContent/Blueprints/Assets/Skybox.uasset"
[2016.05.14-15.43.50:910][  0]LogPackFactory: Copied "../../../Samples/StarterContent/Content/StarterContent/Blueprints/Assets/SM_Arrows.uasset" to "E:/Unreal Projects/TTKREV/Content/StarterContent/Blueprints/Assets/SM_Arrows.uasset"
[2016.05.14-15.43.50:912][  0]LogPackFactory: Copied "../../../Samples/StarterContent/Content/StarterContent/Blueprints/Assets/SunlightColorLUT.uasset" to "E:/Unreal Projects/TTKREV/Content/StarterContent/Blueprints/Assets/SunlightColorLUT.uasset"
[2016.05.14-15.43.51:086][  0]LogPackFactory: Copied "../../../Samples/StarterContent/Content/StarterContent/HDRI/HDRI_Epic_Courtyard_Daylight.uasset" to "E:/Unreal Projects/TTKREV/Content/StarterContent/HDRI/HDRI_Epic_Courtyard_Daylight.uasset"
[2016.05.14-15.43.51:091][  0]LogPackFactory: Copied "../../../Samples/StarterContent/Content/StarterContent/Maps/Advanced_Lighting.umap" to "E:/Unreal Projects/TTKREV/Content/StarterContent/Maps/Advanced_Lighting.umap"
[2016.05.14-15.43.51:103][  0]LogPackFactory: Copied "../../../Samples/StarterContent/Content/StarterContent/Maps/Minimal_Default.umap" to "E:/Unreal Projects/TTKREV/Content/StarterContent/Maps/Minimal_Default.umap"
[2016.05.14-15.43.51:180][  0]LogPackFactory: Copied "../../../Samples/StarterContent/Content/StarterContent/Maps/StarterMap.umap" to "E:/Unreal Projects/TTKREV/Content/StarterContent/Maps/StarterMap.umap"
[2016.05.14-15.43.51:186][  0]LogPackFactory: Copied "../../../Samples/StarterContent/Content/StarterContent/Materials/M_AssetPlatform.uasset" to "E:/Unreal Projects/TTKREV/Content/StarterContent/Materials/M_AssetPlatform.uasset"
[2016.05.14-15.43.51:191][  0]LogPackFactory: Copied "../../../Samples/StarterContent/Content/StarterContent/Materials/M_Basic_Floor.uasset" to "E:/Unreal Projects/TTKREV/Content/StarterContent/Materials/M_Basic_Floor.uasset"
[2016.05.14-15.43.51:197][  0]LogPackFactory: Copied "../../../Samples/StarterContent/Content/StarterContent/Materials/M_Basic_Wall.uasset" to "E:/Unreal Projects/TTKREV/Content/StarterContent/Materials/M_Basic_Wall.uasset"
[2016.05.14-15.43.51:200][  0]LogPackFactory: Copied "../../../Samples/StarterContent/Content/StarterContent/Materials/M_Brick_Clay_Beveled.uasset" to "E:/Unreal Projects/TTKREV/Content/StarterContent/Materials/M_Brick_Clay_Beveled.uasset"
[2016.05.14-15.43.51:204][  0]LogPackFactory: Copied "../../../Samples/StarterContent/Content/StarterContent/Materials/M_Brick_Clay_New.uasset" to "E:/Unreal Projects/TTKREV/Content/StarterContent/Materials/M_Brick_Clay_New.uasset"
[2016.05.14-15.43.51:207][  0]LogPackFactory: Copied "../../../Samples/StarterContent/Content/StarterContent/Materials/M_Brick_Clay_Old.uasset" to "E:/Unreal Projects/TTKREV/Content/StarterContent/Materials/M_Brick_Clay_Old.uasset"
[2016.05.14-15.43.51:211][  0]LogPackFactory: Copied "../../../Samples/StarterContent/Content/StarterContent/Materials/M_Brick_Cut_Stone.uasset" to "E:/Unreal Projects/TTKREV/Content/StarterContent/Materials/M_Brick_Cut_Stone.uasset"
[2016.05.14-15.43.51:215][  0]LogPackFactory: Copied "../../../Samples/StarterContent/Content/StarterContent/Materials/M_Brick_Hewn_Stone.uasset" to "E:/Unreal Projects/TTKREV/Content/StarterContent/Materials/M_Brick_Hewn_Stone.uasset"
[2016.05.14-15.43.51:218][  0]LogPackFactory: Copied "../../../Samples/StarterContent/Content/StarterContent/Materials/M_Ceramic_Tile_Checker.uasset" to "E:/Unreal Projects/TTKREV/Content/StarterContent/Materials/M_Ceramic_Tile_Checker.uasset"
[2016.05.14-15.43.51:223][  0]LogPackFactory: Copied "../../../Samples/StarterContent/Content/StarterContent/Materials/M_CobbleStone_Pebble.uasset" to "E:/Unreal Projects/TTKREV/Content/StarterContent/Materials/M_CobbleStone_Pebble.uasset"
[2016.05.14-15.43.51:227][  0]LogPackFactory: Copied "../../../Samples/StarterContent/Content/StarterContent/Materials/M_CobbleStone_Rough.uasset" to "E:/Unreal Projects/TTKREV/Content/StarterContent/Materials/M_CobbleStone_Rough.uasset"
[2016.05.14-15.43.51:231][  0]LogPackFactory: Copied "../../../Samples/StarterContent/Content/StarterContent/Materials/M_CobbleStone_Smooth.uasset" to "E:/Unreal Projects/TTKREV/Content/StarterContent/Materials/M_CobbleStone_Smooth.uasset"
[2016.05.14-15.43.51:235][  0]LogPackFactory: Copied "../../../Samples/StarterContent/Content/StarterContent/Materials/M_ColorGrid_LowSpec.uasset" to "E:/Unreal Projects/TTKREV/Content/StarterContent/Materials/M_ColorGrid_LowSpec.uasset"
[2016.05.14-15.43.51:238][  0]LogPackFactory: Copied "../../../Samples/StarterContent/Content/StarterContent/Materials/M_Concrete_Grime.uasset" to "E:/Unreal Projects/TTKREV/Content/StarterContent/Materials/M_Concrete_Grime.uasset"
[2016.05.14-15.43.51:242][  0]LogPackFactory: Copied "../../../Samples/StarterContent/Content/StarterContent/Materials/M_Concrete_Panels.uasset" to "E:/Unreal Projects/TTKREV/Content/StarterContent/Materials/M_Concrete_Panels.uasset"
[2016.05.14-15.43.51:245][  0]LogPackFactory: Copied "../../../Samples/StarterContent/Content/StarterContent/Materials/M_Concrete_Poured.uasset" to "E:/Unreal Projects/TTKREV/Content/StarterContent/Materials/M_Concrete_Poured.uasset"
[2016.05.14-15.43.51:249][  0]LogPackFactory: Copied "../../../Samples/StarterContent/Content/StarterContent/Materials/M_Concrete_Tiles.uasset" to "E:/Unreal Projects/TTKREV/Content/StarterContent/Materials/M_Concrete_Tiles.uasset"
[2016.05.14-15.43.51:253][  0]LogPackFactory: Copied "../../../Samples/StarterContent/Content/StarterContent/Materials/M_Glass.uasset" to "E:/Unreal Projects/TTKREV/Content/StarterContent/Materials/M_Glass.uasset"
[2016.05.14-15.43.51:257][  0]LogPackFactory: Copied "../../../Samples/StarterContent/Content/StarterContent/Materials/M_Ground_Grass.uasset" to "E:/Unreal Projects/TTKREV/Content/StarterContent/Materials/M_Ground_Grass.uasset"
[2016.05.14-15.43.51:261][  0]LogPackFactory: Copied "../../../Samples/StarterContent/Content/StarterContent/Materials/M_Ground_Gravel.uasset" to "E:/Unreal Projects/TTKREV/Content/StarterContent/Materials/M_Ground_Gravel.uasset"
[2016.05.14-15.43.51:264][  0]LogPackFactory: Copied "../../../Samples/StarterContent/Content/StarterContent/Materials/M_Ground_Moss.uasset" to "E:/Unreal Projects/TTKREV/Content/StarterContent/Materials/M_Ground_Moss.uasset"
[2016.05.14-15.43.51:268][  0]LogPackFactory: Copied "../../../Samples/StarterContent/Content/StarterContent/Materials/M_Metal_Brushed_Nickel.uasset" to "E:/Unreal Projects/TTKREV/Content/StarterContent/Materials/M_Metal_Brushed_Nickel.uasset"
[2016.05.14-15.43.51:272][  0]LogPackFactory: Copied "../../../Samples/StarterContent/Content/StarterContent/Materials/M_Metal_Burnished_Steel.uasset" to "E:/Unreal Projects/TTKREV/Content/StarterContent/Materials/M_Metal_Burnished_Steel.uasset"
[2016.05.14-15.43.51:275][  0]LogPackFactory: Copied "../../../Samples/StarterContent/Content/StarterContent/Materials/M_Metal_Chrome.uasset" to "E:/Unreal Projects/TTKREV/Content/StarterContent/Materials/M_Metal_Chrome.uasset"
[2016.05.14-15.43.51:279][  0]LogPackFactory: Copied "../../../Samples/StarterContent/Content/StarterContent/Materials/M_Metal_Copper.uasset" to "E:/Unreal Projects/TTKREV/Content/StarterContent/Materials/M_Metal_Copper.uasset"
[2016.05.14-15.43.51:284][  0]LogPackFactory: Copied "../../../Samples/StarterContent/Content/StarterContent/Materials/M_Metal_Gold.uasset" to "E:/Unreal Projects/TTKREV/Content/StarterContent/Materials/M_Metal_Gold.uasset"
[2016.05.14-15.43.51:289][  0]LogPackFactory: Copied "../../../Samples/StarterContent/Content/StarterContent/Materials/M_Metal_Rust.uasset" to "E:/Unreal Projects/TTKREV/Content/StarterContent/Materials/M_Metal_Rust.uasset"
[2016.05.14-15.43.51:293][  0]LogPackFactory: Copied "../../../Samples/StarterContent/Content/StarterContent/Materials/M_Metal_Steel.uasset" to "E:/Unreal Projects/TTKREV/Content/StarterContent/Materials/M_Metal_Steel.uasset"
[2016.05.14-15.43.51:297][  0]LogPackFactory: Copied "../../../Samples/StarterContent/Content/StarterContent/Materials/M_Rock_Basalt.uasset" to "E:/Unreal Projects/TTKREV/Content/StarterContent/Materials/M_Rock_Basalt.uasset"
[2016.05.14-15.43.51:300][  0]LogPackFactory: Copied "../../../Samples/StarterContent/Content/StarterContent/Materials/M_Rock_Marble_Polished.uasset" to "E:/Unreal Projects/TTKREV/Content/StarterContent/Materials/M_Rock_Marble_Polished.uasset"
[2016.05.14-15.43.51:304][  0]LogPackFactory: Copied "../../../Samples/StarterContent/Content/StarterContent/Materials/M_Rock_Sandstone.uasset" to "E:/Unreal Projects/TTKREV/Content/StarterContent/Materials/M_Rock_Sandstone.uasset"
[2016.05.14-15.43.51:308][  0]LogPackFactory: Copied "../../../Samples/StarterContent/Content/StarterContent/Materials/M_Rock_Slate.uasset" to "E:/Unreal Projects/TTKREV/Content/StarterContent/Materials/M_Rock_Slate.uasset"
[2016.05.14-15.43.51:312][  0]LogPackFactory: Copied "../../../Samples/StarterContent/Content/StarterContent/Materials/M_Tech_Checker_Dot.uasset" to "E:/Unreal Projects/TTKREV/Content/StarterContent/Materials/M_Tech_Checker_Dot.uasset"
[2016.05.14-15.43.51:316][  0]LogPackFactory: Copied "../../../Samples/StarterContent/Content/StarterContent/Materials/M_Tech_Hex_Tile.uasset" to "E:/Unreal Projects/TTKREV/Content/StarterContent/Materials/M_Tech_Hex_Tile.uasset"
[2016.05.14-15.43.51:320][  0]LogPackFactory: Copied "../../../Samples/StarterContent/Content/StarterContent/Materials/M_Tech_Hex_Tile_Pulse.uasset" to "E:/Unreal Projects/TTKREV/Content/StarterContent/Materials/M_Tech_Hex_Tile_Pulse.uasset"
[2016.05.14-15.43.51:323][  0]LogPackFactory: Copied "../../../Samples/StarterContent/Content/StarterContent/Materials/M_Tech_Panel.uasset" to "E:/Unreal Projects/TTKREV/Content/StarterContent/Materials/M_Tech_Panel.uasset"
[2016.05.14-15.43.51:327][  0]LogPackFactory: Copied "../../../Samples/StarterContent/Content/StarterContent/Materials/M_Water_Lake.uasset" to "E:/Unreal Projects/TTKREV/Content/StarterContent/Materials/M_Water_Lake.uasset"
[2016.05.14-15.43.51:331][  0]LogPackFactory: Copied "../../../Samples/StarterContent/Content/StarterContent/Materials/M_Water_Ocean.uasset" to "E:/Unreal Projects/TTKREV/Content/StarterContent/Materials/M_Water_Ocean.uasset"
[2016.05.14-15.43.51:334][  0]LogPackFactory: Copied "../../../Samples/StarterContent/Content/StarterContent/Materials/M_Wood_Floor_Walnut_Polished.uasset" to "E:/Unreal Projects/TTKREV/Content/StarterContent/Materials/M_Wood_Floor_Walnut_Polished.uasset"
[2016.05.14-15.43.51:338][  0]LogPackFactory: Copied "../../../Samples/StarterContent/Content/StarterContent/Materials/M_Wood_Floor_Walnut_Worn.uasset" to "E:/Unreal Projects/TTKREV/Content/StarterContent/Materials/M_Wood_Floor_Walnut_Worn.uasset"
[2016.05.14-15.43.51:342][  0]LogPackFactory: Copied "../../../Samples/StarterContent/Content/StarterContent/Materials/M_Wood_Oak.uasset" to "E:/Unreal Projects/TTKREV/Content/StarterContent/Materials/M_Wood_Oak.uasset"
[2016.05.14-15.43.51:345][  0]LogPackFactory: Copied "../../../Samples/StarterContent/Content/StarterContent/Materials/M_Wood_Pine.uasset" to "E:/Unreal Projects/TTKREV/Content/StarterContent/Materials/M_Wood_Pine.uasset"
[2016.05.14-15.43.51:349][  0]LogPackFactory: Copied "../../../Samples/StarterContent/Content/StarterContent/Materials/M_Wood_Walnut.uasset" to "E:/Unreal Projects/TTKREV/Content/StarterContent/Materials/M_Wood_Walnut.uasset"
[2016.05.14-15.43.51:352][  0]LogPackFactory: Copied "../../../Samples/StarterContent/Content/StarterContent/Particles/P_Ambient_Dust.uasset" to "E:/Unreal Projects/TTKREV/Content/StarterContent/Particles/P_Ambient_Dust.uasset"
[2016.05.14-15.43.51:357][  0]LogPackFactory: Copied "../../../Samples/StarterContent/Content/StarterContent/Particles/P_Explosion.uasset" to "E:/Unreal Projects/TTKREV/Content/StarterContent/Particles/P_Explosion.uasset"
[2016.05.14-15.43.51:362][  0]LogPackFactory: Copied "../../../Samples/StarterContent/Content/StarterContent/Particles/P_Fire.uasset" to "E:/Unreal Projects/TTKREV/Content/StarterContent/Particles/P_Fire.uasset"
[2016.05.14-15.43.51:365][  0]LogPackFactory: Copied "../../../Samples/StarterContent/Content/StarterContent/Particles/P_Smoke.uasset" to "E:/Unreal Projects/TTKREV/Content/StarterContent/Particles/P_Smoke.uasset"
[2016.05.14-15.43.51:370][  0]LogPackFactory: Copied "../../../Samples/StarterContent/Content/StarterContent/Particles/P_Sparks.uasset" to "E:/Unreal Projects/TTKREV/Content/StarterContent/Particles/P_Sparks.uasset"
[2016.05.14-15.43.51:374][  0]LogPackFactory: Copied "../../../Samples/StarterContent/Content/StarterContent/Particles/P_Steam_Lit.uasset" to "E:/Unreal Projects/TTKREV/Content/StarterContent/Particles/P_Steam_Lit.uasset"
[2016.05.14-15.43.51:378][  0]LogPackFactory: Copied "../../../Samples/StarterContent/Content/StarterContent/Particles/Materials/M_Burst.uasset" to "E:/Unreal Projects/TTKREV/Content/StarterContent/Particles/Materials/M_Burst.uasset"
[2016.05.14-15.43.51:383][  0]LogPackFactory: Copied "../../../Samples/StarterContent/Content/StarterContent/Particles/Materials/M_Dust_Particle.uasset" to "E:/Unreal Projects/TTKREV/Content/StarterContent/Particles/Materials/M_Dust_Particle.uasset"
[2016.05.14-15.43.51:387][  0]LogPackFactory: Copied "../../../Samples/StarterContent/Content/StarterContent/Particles/Materials/M_explosion_subUV.uasset" to "E:/Unreal Projects/TTKREV/Content/StarterContent/Particles/Materials/M_explosion_subUV.uasset"
[2016.05.14-15.43.51:392][  0]LogPackFactory: Copied "../../../Samples/StarterContent/Content/StarterContent/Particles/Materials/M_Fire_SubUV.uasset" to "E:/Unreal Projects/TTKREV/Content/StarterContent/Particles/Materials/M_Fire_SubUV.uasset"
[2016.05.14-15.43.51:395][  0]LogPackFactory: Copied "../../../Samples/StarterContent/Content/StarterContent/Particles/Materials/m_flare_01.uasset" to "E:/Unreal Projects/TTKREV/Content/StarterContent/Particles/Materials/m_flare_01.uasset"
[2016.05.14-15.43.51:399][  0]LogPackFactory: Copied "../../../Samples/StarterContent/Content/StarterContent/Particles/Materials/M_Heat_Distortion.uasset" to "E:/Unreal Projects/TTKREV/Content/StarterContent/Particles/Materials/M_Heat_Distortion.uasset"
[2016.05.14-15.43.51:403][  0]LogPackFactory: Copied "../../../Samples/StarterContent/Content/StarterContent/Particles/Materials/M_Radial_Gradient.uasset" to "E:/Unreal Projects/TTKREV/Content/StarterContent/Particles/Materials/M_Radial_Gradient.uasset"
[2016.05.14-15.43.51:407][  0]LogPackFactory: Copied "../../../Samples/StarterContent/Content/StarterContent/Particles/Materials/M_radial_ramp.uasset" to "E:/Unreal Projects/TTKREV/Content/StarterContent/Particles/Materials/M_radial_ramp.uasset"
[2016.05.14-15.43.51:410][  0]LogPackFactory: Copied "../../../Samples/StarterContent/Content/StarterContent/Particles/Materials/M_smoke_subUV.uasset" to "E:/Unreal Projects/TTKREV/Content/StarterContent/Particles/Materials/M_smoke_subUV.uasset"
[2016.05.14-15.43.51:414][  0]LogPackFactory: Copied "../../../Samples/StarterContent/Content/StarterContent/Particles/Materials/M_Spark.uasset" to "E:/Unreal Projects/TTKREV/Content/StarterContent/Particles/Materials/M_Spark.uasset"
[2016.05.14-15.43.51:418][  0]LogPackFactory: Copied "../../../Samples/StarterContent/Content/StarterContent/Props/MaterialSphere.uasset" to "E:/Unreal Projects/TTKREV/Content/StarterContent/Props/MaterialSphere.uasset"
[2016.05.14-15.43.51:423][  0]LogPackFactory: Copied "../../../Samples/StarterContent/Content/StarterContent/Props/SM_Bush.uasset" to "E:/Unreal Projects/TTKREV/Content/StarterContent/Props/SM_Bush.uasset"
[2016.05.14-15.43.51:428][  0]LogPackFactory: Copied "../../../Samples/StarterContent/Content/StarterContent/Props/SM_Chair.uasset" to "E:/Unreal Projects/TTKREV/Content/StarterContent/Props/SM_Chair.uasset"
[2016.05.14-15.43.51:432][  0]LogPackFactory: Copied "../../../Samples/StarterContent/Content/StarterContent/Props/SM_CornerFrame.uasset" to "E:/Unreal Projects/TTKREV/Content/StarterContent/Props/SM_CornerFrame.uasset"
[2016.05.14-15.43.51:440][  0]LogPackFactory: Copied "../../../Samples/StarterContent/Content/StarterContent/Props/SM_Couch.uasset" to "E:/Unreal Projects/TTKREV/Content/StarterContent/Props/SM_Couch.uasset"
[2016.05.14-15.43.51:447][  0]LogPackFactory: Copied "../../../Samples/StarterContent/Content/StarterContent/Props/SM_Door.uasset" to "E:/Unreal Projects/TTKREV/Content/StarterContent/Props/SM_Door.uasset"
[2016.05.14-15.43.51:453][  0]LogPackFactory: Copied "../../../Samples/StarterContent/Content/StarterContent/Props/SM_DoorFrame.uasset" to "E:/Unreal Projects/TTKREV/Content/StarterContent/Props/SM_DoorFrame.uasset"
[2016.05.14-15.43.51:457][  0]LogPackFactory: Copied "../../../Samples/StarterContent/Content/StarterContent/Props/SM_GlassWindow.uasset" to "E:/Unreal Projects/TTKREV/Content/StarterContent/Props/SM_GlassWindow.uasset"
[2016.05.14-15.43.51:463][  0]LogPackFactory: Copied "../../../Samples/StarterContent/Content/StarterContent/Props/SM_Lamp_Ceiling.uasset" to "E:/Unreal Projects/TTKREV/Content/StarterContent/Props/SM_Lamp_Ceiling.uasset"
[2016.05.14-15.43.51:468][  0]LogPackFactory: Copied "../../../Samples/StarterContent/Content/StarterContent/Props/SM_Lamp_Wall.uasset" to "E:/Unreal Projects/TTKREV/Content/StarterContent/Props/SM_Lamp_Wall.uasset"
[2016.05.14-15.43.51:481][  0]LogPackFactory: Copied "../../../Samples/StarterContent/Content/StarterContent/Props/SM_MatPreviewMesh_02.uasset" to "E:/Unreal Projects/TTKREV/Content/StarterContent/Props/SM_MatPreviewMesh_02.uasset"
[2016.05.14-15.43.51:486][  0]LogPackFactory: Copied "../../../Samples/StarterContent/Content/StarterContent/Props/SM_PillarFrame.uasset" to "E:/Unreal Projects/TTKREV/Content/StarterContent/Props/SM_PillarFrame.uasset"
[2016.05.14-15.43.51:491][  0]LogPackFactory: Copied "../../../Samples/StarterContent/Content/StarterContent/Props/SM_PillarFrame300.uasset" to "E:/Unreal Projects/TTKREV/Content/StarterContent/Props/SM_PillarFrame300.uasset"
[2016.05.14-15.43.51:496][  0]LogPackFactory: Copied "../../../Samples/StarterContent/Content/StarterContent/Props/SM_Rock.uasset" to "E:/Unreal Projects/TTKREV/Content/StarterContent/Props/SM_Rock.uasset"
[2016.05.14-15.43.51:500][  0]LogPackFactory: Copied "../../../Samples/StarterContent/Content/StarterContent/Props/SM_Shelf.uasset" to "E:/Unreal Projects/TTKREV/Content/StarterContent/Props/SM_Shelf.uasset"
[2016.05.14-15.43.51:504][  0]LogPackFactory: Copied "../../../Samples/StarterContent/Content/StarterContent/Props/SM_Stairs.uasset" to "E:/Unreal Projects/TTKREV/Content/StarterContent/Props/SM_Stairs.uasset"
[2016.05.14-15.43.51:509][  0]LogPackFactory: Copied "../../../Samples/StarterContent/Content/StarterContent/Props/SM_Statue.uasset" to "E:/Unreal Projects/TTKREV/Content/StarterContent/Props/SM_Statue.uasset"
[2016.05.14-15.43.51:516][  0]LogPackFactory: Copied "../../../Samples/StarterContent/Content/StarterContent/Props/SM_TableRound.uasset" to "E:/Unreal Projects/TTKREV/Content/StarterContent/Props/SM_TableRound.uasset"
[2016.05.14-15.43.51:520][  0]LogPackFactory: Copied "../../../Samples/StarterContent/Content/StarterContent/Props/SM_WindowFrame.uasset" to "E:/Unreal Projects/TTKREV/Content/StarterContent/Props/SM_WindowFrame.uasset"
[2016.05.14-15.43.51:524][  0]LogPackFactory: Copied "../../../Samples/StarterContent/Content/StarterContent/Props/Materials/M_Bush.uasset" to "E:/Unreal Projects/TTKREV/Content/StarterContent/Props/Materials/M_Bush.uasset"
[2016.05.14-15.43.51:529][  0]LogPackFactory: Copied "../../../Samples/StarterContent/Content/StarterContent/Props/Materials/M_Chair.uasset" to "E:/Unreal Projects/TTKREV/Content/StarterContent/Props/Materials/M_Chair.uasset"
[2016.05.14-15.43.51:534][  0]LogPackFactory: Copied "../../../Samples/StarterContent/Content/StarterContent/Props/Materials/M_Door.uasset" to "E:/Unreal Projects/TTKREV/Content/StarterContent/Props/Materials/M_Door.uasset"
[2016.05.14-15.43.51:539][  0]LogPackFactory: Copied "../../../Samples/StarterContent/Content/StarterContent/Props/Materials/M_Frame.uasset" to "E:/Unreal Projects/TTKREV/Content/StarterContent/Props/Materials/M_Frame.uasset"
[2016.05.14-15.43.51:543][  0]LogPackFactory: Copied "../../../Samples/StarterContent/Content/StarterContent/Props/Materials/M_Lamp.uasset" to "E:/Unreal Projects/TTKREV/Content/StarterContent/Props/Materials/M_Lamp.uasset"
[2016.05.14-15.43.51:547][  0]LogPackFactory: Copied "../../../Samples/StarterContent/Content/StarterContent/Props/Materials/M_MaterialSphere.uasset" to "E:/Unreal Projects/TTKREV/Content/StarterContent/Props/Materials/M_MaterialSphere.uasset"
[2016.05.14-15.43.51:551][  0]LogPackFactory: Copied "../../../Samples/StarterContent/Content/StarterContent/Props/Materials/M_MaterialSphere_Plain.uasset" to "E:/Unreal Projects/TTKREV/Content/StarterContent/Props/Materials/M_MaterialSphere_Plain.uasset"
[2016.05.14-15.43.51:555][  0]LogPackFactory: Copied "../../../Samples/StarterContent/Content/StarterContent/Props/Materials/M_Rock.uasset" to "E:/Unreal Projects/TTKREV/Content/StarterContent/Props/Materials/M_Rock.uasset"
[2016.05.14-15.43.51:559][  0]LogPackFactory: Copied "../../../Samples/StarterContent/Content/StarterContent/Props/Materials/M_Shelf.uasset" to "E:/Unreal Projects/TTKREV/Content/StarterContent/Props/Materials/M_Shelf.uasset"
[2016.05.14-15.43.51:563][  0]LogPackFactory: Copied "../../../Samples/StarterContent/Content/StarterContent/Props/Materials/M_Statue.uasset" to "E:/Unreal Projects/TTKREV/Content/StarterContent/Props/Materials/M_Statue.uasset"
[2016.05.14-15.43.51:571][  0]LogPackFactory: Copied "../../../Samples/StarterContent/Content/StarterContent/Props/Materials/M_StatueGlass.uasset" to "E:/Unreal Projects/TTKREV/Content/StarterContent/Props/Materials/M_StatueGlass.uasset"
[2016.05.14-15.43.51:575][  0]LogPackFactory: Copied "../../../Samples/StarterContent/Content/StarterContent/Props/Materials/M_TableRound.uasset" to "E:/Unreal Projects/TTKREV/Content/StarterContent/Props/Materials/M_TableRound.uasset"
[2016.05.14-15.43.51:580][  0]LogPackFactory: Copied "../../../Samples/StarterContent/Content/StarterContent/Shapes/Shape_Cone.uasset" to "E:/Unreal Projects/TTKREV/Content/StarterContent/Shapes/Shape_Cone.uasset"
[2016.05.14-15.43.51:585][  0]LogPackFactory: Copied "../../../Samples/StarterContent/Content/StarterContent/Shapes/Shape_Cube.uasset" to "E:/Unreal Projects/TTKREV/Content/StarterContent/Shapes/Shape_Cube.uasset"
[2016.05.14-15.43.51:591][  0]LogPackFactory: Copied "../../../Samples/StarterContent/Content/StarterContent/Shapes/Shape_Cylinder.uasset" to "E:/Unreal Projects/TTKREV/Content/StarterContent/Shapes/Shape_Cylinder.uasset"
[2016.05.14-15.43.51:596][  0]LogPackFactory: Copied "../../../Samples/StarterContent/Content/StarterContent/Shapes/Shape_NarrowCapsule.uasset" to "E:/Unreal Projects/TTKREV/Content/StarterContent/Shapes/Shape_NarrowCapsule.uasset"
[2016.05.14-15.43.51:600][  0]LogPackFactory: Copied "../../../Samples/StarterContent/Content/StarterContent/Shapes/Shape_Pipe.uasset" to "E:/Unreal Projects/TTKREV/Content/StarterContent/Shapes/Shape_Pipe.uasset"
[2016.05.14-15.43.51:605][  0]LogPackFactory: Copied "../../../Samples/StarterContent/Content/StarterContent/Shapes/Shape_Pipe_180.uasset" to "E:/Unreal Projects/TTKREV/Content/StarterContent/Shapes/Shape_Pipe_180.uasset"
[2016.05.14-15.43.51:610][  0]LogPackFactory: Copied "../../../Samples/StarterContent/Content/StarterContent/Shapes/Shape_Pipe_90.uasset" to "E:/Unreal Projects/TTKREV/Content/StarterContent/Shapes/Shape_Pipe_90.uasset"
[2016.05.14-15.43.51:614][  0]LogPackFactory: Copied "../../../Samples/StarterContent/Content/StarterContent/Shapes/Shape_Plane.uasset" to "E:/Unreal Projects/TTKREV/Content/StarterContent/Shapes/Shape_Plane.uasset"
[2016.05.14-15.43.51:618][  0]LogPackFactory: Copied "../../../Samples/StarterContent/Content/StarterContent/Shapes/Shape_QuadPyramid.uasset" to "E:/Unreal Projects/TTKREV/Content/StarterContent/Shapes/Shape_QuadPyramid.uasset"
[2016.05.14-15.43.51:622][  0]LogPackFactory: Copied "../../../Samples/StarterContent/Content/StarterContent/Shapes/Shape_Sphere.uasset" to "E:/Unreal Projects/TTKREV/Content/StarterContent/Shapes/Shape_Sphere.uasset"
[2016.05.14-15.43.51:628][  0]LogPackFactory: Copied "../../../Samples/StarterContent/Content/StarterContent/Shapes/Shape_Torus.uasset" to "E:/Unreal Projects/TTKREV/Content/StarterContent/Shapes/Shape_Torus.uasset"
[2016.05.14-15.43.51:632][  0]LogPackFactory: Copied "../../../Samples/StarterContent/Content/StarterContent/Shapes/Shape_Trim.uasset" to "E:/Unreal Projects/TTKREV/Content/StarterContent/Shapes/Shape_Trim.uasset"
[2016.05.14-15.43.51:635][  0]LogPackFactory: Copied "../../../Samples/StarterContent/Content/StarterContent/Shapes/Shape_Trim_90_In.uasset" to "E:/Unreal Projects/TTKREV/Content/StarterContent/Shapes/Shape_Trim_90_In.uasset"
[2016.05.14-15.43.51:639][  0]LogPackFactory: Copied "../../../Samples/StarterContent/Content/StarterContent/Shapes/Shape_Trim_90_Out.uasset" to "E:/Unreal Projects/TTKREV/Content/StarterContent/Shapes/Shape_Trim_90_Out.uasset"
[2016.05.14-15.43.51:643][  0]LogPackFactory: Copied "../../../Samples/StarterContent/Content/StarterContent/Shapes/Shape_TriPyramid.uasset" to "E:/Unreal Projects/TTKREV/Content/StarterContent/Shapes/Shape_TriPyramid.uasset"
[2016.05.14-15.43.51:647][  0]LogPackFactory: Copied "../../../Samples/StarterContent/Content/StarterContent/Shapes/Shape_Tube.uasset" to "E:/Unreal Projects/TTKREV/Content/StarterContent/Shapes/Shape_Tube.uasset"
[2016.05.14-15.43.51:653][  0]LogPackFactory: Copied "../../../Samples/StarterContent/Content/StarterContent/Shapes/Shape_Wedge_A.uasset" to "E:/Unreal Projects/TTKREV/Content/StarterContent/Shapes/Shape_Wedge_A.uasset"
[2016.05.14-15.43.51:657][  0]LogPackFactory: Copied "../../../Samples/StarterContent/Content/StarterContent/Shapes/Shape_Wedge_B.uasset" to "E:/Unreal Projects/TTKREV/Content/StarterContent/Shapes/Shape_Wedge_B.uasset"
[2016.05.14-15.43.51:662][  0]LogPackFactory: Copied "../../../Samples/StarterContent/Content/StarterContent/Shapes/Shape_WideCapsule.uasset" to "E:/Unreal Projects/TTKREV/Content/StarterContent/Shapes/Shape_WideCapsule.uasset"
[2016.05.14-15.43.51:699][  0]LogPackFactory: Copied "../../../Samples/StarterContent/Content/StarterContent/Textures/T_Brick_Clay_Beveled_D.uasset" to "E:/Unreal Projects/TTKREV/Content/StarterContent/Textures/T_Brick_Clay_Beveled_D.uasset"
[2016.05.14-15.43.51:733][  0]LogPackFactory: Copied "../../../Samples/StarterContent/Content/StarterContent/Textures/T_Brick_Clay_Beveled_M.uasset" to "E:/Unreal Projects/TTKREV/Content/StarterContent/Textures/T_Brick_Clay_Beveled_M.uasset"
[2016.05.14-15.43.51:766][  0]LogPackFactory: Copied "../../../Samples/StarterContent/Content/StarterContent/Textures/T_Brick_Clay_Beveled_N.uasset" to "E:/Unreal Projects/TTKREV/Content/StarterContent/Textures/T_Brick_Clay_Beveled_N.uasset"
[2016.05.14-15.43.51:794][  0]LogPackFactory: Copied "../../../Samples/StarterContent/Content/StarterContent/Textures/T_Brick_Clay_New_D.uasset" to "E:/Unreal Projects/TTKREV/Content/StarterContent/Textures/T_Brick_Clay_New_D.uasset"
[2016.05.14-15.43.51:831][  0]LogPackFactory: Copied "../../../Samples/StarterContent/Content/StarterContent/Textures/T_Brick_Clay_New_M.uasset" to "E:/Unreal Projects/TTKREV/Content/StarterContent/Textures/T_Brick_Clay_New_M.uasset"
[2016.05.14-15.43.51:868][  0]LogPackFactory: Copied "../../../Samples/StarterContent/Content/StarterContent/Textures/T_Brick_Clay_New_N.uasset" to "E:/Unreal Projects/TTKREV/Content/StarterContent/Textures/T_Brick_Clay_New_N.uasset"
[2016.05.14-15.43.51:915][  0]LogPackFactory: Copied "../../../Samples/StarterContent/Content/StarterContent/Textures/T_Brick_Clay_Old_D.uasset" to "E:/Unreal Projects/TTKREV/Content/StarterContent/Textures/T_Brick_Clay_Old_D.uasset"
[2016.05.14-15.43.51:950][  0]LogPackFactory: Copied "../../../Samples/StarterContent/Content/StarterContent/Textures/T_Brick_Clay_Old_N.uasset" to "E:/Unreal Projects/TTKREV/Content/StarterContent/Textures/T_Brick_Clay_Old_N.uasset"
[2016.05.14-15.43.52:004][  0]LogPackFactory: Copied "../../../Samples/StarterContent/Content/StarterContent/Textures/T_Brick_Cut_Stone_D.uasset" to "E:/Unreal Projects/TTKREV/Content/StarterContent/Textures/T_Brick_Cut_Stone_D.uasset"
[2016.05.14-15.43.52:033][  0]LogPackFactory: Copied "../../../Samples/StarterContent/Content/StarterContent/Textures/T_Brick_Cut_Stone_N.uasset" to "E:/Unreal Projects/TTKREV/Content/StarterContent/Textures/T_Brick_Cut_Stone_N.uasset"
[2016.05.14-15.43.52:069][  0]LogPackFactory: Copied "../../../Samples/StarterContent/Content/StarterContent/Textures/T_Brick_Hewn_Stone_D.uasset" to "E:/Unreal Projects/TTKREV/Content/StarterContent/Textures/T_Brick_Hewn_Stone_D.uasset"
[2016.05.14-15.43.52:100][  0]LogPackFactory: Copied "../../../Samples/StarterContent/Content/StarterContent/Textures/T_Brick_Hewn_Stone_M.uasset" to "E:/Unreal Projects/TTKREV/Content/StarterContent/Textures/T_Brick_Hewn_Stone_M.uasset"
[2016.05.14-15.43.52:140][  0]LogPackFactory: Copied "../../../Samples/StarterContent/Content/StarterContent/Textures/T_Brick_Hewn_Stone_N.uasset" to "E:/Unreal Projects/TTKREV/Content/StarterContent/Textures/T_Brick_Hewn_Stone_N.uasset"
[2016.05.14-15.43.52:145][  0]LogPackFactory: Copied "../../../Samples/StarterContent/Content/StarterContent/Textures/T_Burst_M.uasset" to "E:/Unreal Projects/TTKREV/Content/StarterContent/Textures/T_Burst_M.uasset"
[2016.05.14-15.43.52:150][  0]LogPackFactory: Copied "../../../Samples/StarterContent/Content/StarterContent/Textures/T_Bush_D.uasset" to "E:/Unreal Projects/TTKREV/Content/StarterContent/Textures/T_Bush_D.uasset"
[2016.05.14-15.43.52:156][  0]LogPackFactory: Copied "../../../Samples/StarterContent/Content/StarterContent/Textures/T_Bush_N.uasset" to "E:/Unreal Projects/TTKREV/Content/StarterContent/Textures/T_Bush_N.uasset"
[2016.05.14-15.43.52:162][  0]LogPackFactory: Copied "../../../Samples/StarterContent/Content/StarterContent/Textures/T_Ceramic_Tile_M.uasset" to "E:/Unreal Projects/TTKREV/Content/StarterContent/Textures/T_Ceramic_Tile_M.uasset"
[2016.05.14-15.43.52:169][  0]LogPackFactory: Copied "../../../Samples/StarterContent/Content/StarterContent/Textures/T_Ceramic_Tile_N.uasset" to "E:/Unreal Projects/TTKREV/Content/StarterContent/Textures/T_Ceramic_Tile_N.uasset"
[2016.05.14-15.43.52:178][  0]LogPackFactory: Copied "../../../Samples/StarterContent/Content/StarterContent/Textures/T_Chair_M.uasset" to "E:/Unreal Projects/TTKREV/Content/StarterContent/Textures/T_Chair_M.uasset"
[2016.05.14-15.43.52:191][  0]LogPackFactory: Copied "../../../Samples/StarterContent/Content/StarterContent/Textures/T_Chair_N.uasset" to "E:/Unreal Projects/TTKREV/Content/StarterContent/Textures/T_Chair_N.uasset"
[2016.05.14-15.43.52:197][  0]LogPackFactory: Copied "../../../Samples/StarterContent/Content/StarterContent/Textures/T_Checker_Noise_M.uasset" to "E:/Unreal Projects/TTKREV/Content/StarterContent/Textures/T_Checker_Noise_M.uasset"
[2016.05.14-15.43.52:245][  0]LogPackFactory: Copied "../../../Samples/StarterContent/Content/StarterContent/Textures/T_CobbleStone_Pebble_D.uasset" to "E:/Unreal Projects/TTKREV/Content/StarterContent/Textures/T_CobbleStone_Pebble_D.uasset"
[2016.05.14-15.43.52:254][  0]LogPackFactory: Copied "../../../Samples/StarterContent/Content/StarterContent/Textures/T_CobbleStone_Pebble_M.uasset" to "E:/Unreal Projects/TTKREV/Content/StarterContent/Textures/T_CobbleStone_Pebble_M.uasset"
[2016.05.14-15.43.52:306][  0]LogPackFactory: Copied "../../../Samples/StarterContent/Content/StarterContent/Textures/T_CobbleStone_Pebble_N.uasset" to "E:/Unreal Projects/TTKREV/Content/StarterContent/Textures/T_CobbleStone_Pebble_N.uasset"
[2016.05.14-15.43.52:323][  0]LogPackFactory: Copied "../../../Samples/StarterContent/Content/StarterContent/Textures/T_CobbleStone_Rough_D.uasset" to "E:/Unreal Projects/TTKREV/Content/StarterContent/Textures/T_CobbleStone_Rough_D.uasset"
[2016.05.14-15.43.52:338][  0]LogPackFactory: Copied "../../../Samples/StarterContent/Content/StarterContent/Textures/T_CobbleStone_Rough_N.uasset" to "E:/Unreal Projects/TTKREV/Content/StarterContent/Textures/T_CobbleStone_Rough_N.uasset"
[2016.05.14-15.43.52:366][  0]LogPackFactory: Copied "../../../Samples/StarterContent/Content/StarterContent/Textures/T_CobbleStone_Smooth_D.uasset" to "E:/Unreal Projects/TTKREV/Content/StarterContent/Textures/T_CobbleStone_Smooth_D.uasset"
[2016.05.14-15.43.52:392][  0]LogPackFactory: Copied "../../../Samples/StarterContent/Content/StarterContent/Textures/T_CobbleStone_Smooth_M.uasset" to "E:/Unreal Projects/TTKREV/Content/StarterContent/Textures/T_CobbleStone_Smooth_M.uasset"
[2016.05.14-15.43.52:426][  0]LogPackFactory: Copied "../../../Samples/StarterContent/Content/StarterContent/Textures/T_CobbleStone_Smooth_N.uasset" to "E:/Unreal Projects/TTKREV/Content/StarterContent/Textures/T_CobbleStone_Smooth_N.uasset"
[2016.05.14-15.43.52:465][  0]LogPackFactory: Copied "../../../Samples/StarterContent/Content/StarterContent/Textures/T_Concrete_Grime_D.uasset" to "E:/Unreal Projects/TTKREV/Content/StarterContent/Textures/T_Concrete_Grime_D.uasset"
[2016.05.14-15.43.52:499][  0]LogPackFactory: Copied "../../../Samples/StarterContent/Content/StarterContent/Textures/T_Concrete_Panels_D.uasset" to "E:/Unreal Projects/TTKREV/Content/StarterContent/Textures/T_Concrete_Panels_D.uasset"
[2016.05.14-15.43.52:525][  0]LogPackFactory: Copied "../../../Samples/StarterContent/Content/StarterContent/Textures/T_Concrete_Panels_N.uasset" to "E:/Unreal Projects/TTKREV/Content/StarterContent/Textures/T_Concrete_Panels_N.uasset"
[2016.05.14-15.43.52:567][  0]LogPackFactory: Copied "../../../Samples/StarterContent/Content/StarterContent/Textures/T_Concrete_Poured_D.uasset" to "E:/Unreal Projects/TTKREV/Content/StarterContent/Textures/T_Concrete_Poured_D.uasset"
[2016.05.14-15.43.52:597][  0]LogPackFactory: Copied "../../../Samples/StarterContent/Content/StarterContent/Textures/T_Concrete_Poured_N.uasset" to "E:/Unreal Projects/TTKREV/Content/StarterContent/Textures/T_Concrete_Poured_N.uasset"
[2016.05.14-15.43.52:618][  0]LogPackFactory: Copied "../../../Samples/StarterContent/Content/StarterContent/Textures/T_Concrete_Tiles_D.uasset" to "E:/Unreal Projects/TTKREV/Content/StarterContent/Textures/T_Concrete_Tiles_D.uasset"
[2016.05.14-15.43.52:640][  0]LogPackFactory: Copied "../../../Samples/StarterContent/Content/StarterContent/Textures/T_Concrete_Tiles_M.uasset" to "E:/Unreal Projects/TTKREV/Content/StarterContent/Textures/T_Concrete_Tiles_M.uasset"
[2016.05.14-15.43.52:666][  0]LogPackFactory: Copied "../../../Samples/StarterContent/Content/StarterContent/Textures/T_Concrete_Tiles_N.uasset" to "E:/Unreal Projects/TTKREV/Content/StarterContent/Textures/T_Concrete_Tiles_N.uasset"
[2016.05.14-15.43.52:668][  0]LogPackFactory: Copied "../../../Samples/StarterContent/Content/StarterContent/Textures/T_Concrete_Tiles_Variation_M.uasset" to "E:/Unreal Projects/TTKREV/Content/StarterContent/Textures/T_Concrete_Tiles_Variation_M.uasset"
[2016.05.14-15.43.52:683][  0]LogPackFactory: Copied "../../../Samples/StarterContent/Content/StarterContent/Textures/T_Detail_Rocky_N.uasset" to "E:/Unreal Projects/TTKREV/Content/StarterContent/Textures/T_Detail_Rocky_N.uasset"
[2016.05.14-15.43.52:689][  0]LogPackFactory: Copied "../../../Samples/StarterContent/Content/StarterContent/Textures/T_Door_M.uasset" to "E:/Unreal Projects/TTKREV/Content/StarterContent/Textures/T_Door_M.uasset"
[2016.05.14-15.43.52:697][  0]LogPackFactory: Copied "../../../Samples/StarterContent/Content/StarterContent/Textures/T_Door_N.uasset" to "E:/Unreal Projects/TTKREV/Content/StarterContent/Textures/T_Door_N.uasset"
[2016.05.14-15.43.52:701][  0]LogPackFactory: Copied "../../../Samples/StarterContent/Content/StarterContent/Textures/T_Dust_Particle_D.uasset" to "E:/Unreal Projects/TTKREV/Content/StarterContent/Textures/T_Dust_Particle_D.uasset"
[2016.05.14-15.43.52:715][  0]LogPackFactory: Copied "../../../Samples/StarterContent/Content/StarterContent/Textures/T_Explosion_SubUV.uasset" to "E:/Unreal Projects/TTKREV/Content/StarterContent/Textures/T_Explosion_SubUV.uasset"
[2016.05.14-15.43.52:720][  0]LogPackFactory: Copied "../../../Samples/StarterContent/Content/StarterContent/Textures/T_Fire_SubUV.uasset" to "E:/Unreal Projects/TTKREV/Content/StarterContent/Textures/T_Fire_SubUV.uasset"
[2016.05.14-15.43.52:726][  0]LogPackFactory: Copied "../../../Samples/StarterContent/Content/StarterContent/Textures/T_Fire_Tiled_D.uasset" to "E:/Unreal Projects/TTKREV/Content/StarterContent/Textures/T_Fire_Tiled_D.uasset"
[2016.05.14-15.43.52:732][  0]LogPackFactory: Copied "../../../Samples/StarterContent/Content/StarterContent/Textures/T_Frame_M.uasset" to "E:/Unreal Projects/TTKREV/Content/StarterContent/Textures/T_Frame_M.uasset"
[2016.05.14-15.43.52:739][  0]LogPackFactory: Copied "../../../Samples/StarterContent/Content/StarterContent/Textures/T_Frame_N.uasset" to "E:/Unreal Projects/TTKREV/Content/StarterContent/Textures/T_Frame_N.uasset"
[2016.05.14-15.43.52:741][  0]LogPackFactory: Copied "../../../Samples/StarterContent/Content/StarterContent/Textures/T_Gradinet_01.uasset" to "E:/Unreal Projects/TTKREV/Content/StarterContent/Textures/T_Gradinet_01.uasset"
[2016.05.14-15.43.52:787][  0]LogPackFactory: Copied "../../../Samples/StarterContent/Content/StarterContent/Textures/T_Ground_Grass_D.uasset" to "E:/Unreal Projects/TTKREV/Content/StarterContent/Textures/T_Ground_Grass_D.uasset"
[2016.05.14-15.43.52:829][  0]LogPackFactory: Copied "../../../Samples/StarterContent/Content/StarterContent/Textures/T_Ground_Grass_N.uasset" to "E:/Unreal Projects/TTKREV/Content/StarterContent/Textures/T_Ground_Grass_N.uasset"
[2016.05.14-15.43.52:868][  0]LogPackFactory: Copied "../../../Samples/StarterContent/Content/StarterContent/Textures/T_Ground_Gravel_D.uasset" to "E:/Unreal Projects/TTKREV/Content/StarterContent/Textures/T_Ground_Gravel_D.uasset"
[2016.05.14-15.43.52:897][  0]LogPackFactory: Copied "../../../Samples/StarterContent/Content/StarterContent/Textures/T_Ground_Gravel_N.uasset" to "E:/Unreal Projects/TTKREV/Content/StarterContent/Textures/T_Ground_Gravel_N.uasset"
[2016.05.14-15.43.52:945][  0]LogPackFactory: Copied "../../../Samples/StarterContent/Content/StarterContent/Textures/T_ground_Moss_D.uasset" to "E:/Unreal Projects/TTKREV/Content/StarterContent/Textures/T_ground_Moss_D.uasset"
[2016.05.14-15.43.52:980][  0]LogPackFactory: Copied "../../../Samples/StarterContent/Content/StarterContent/Textures/T_Ground_Moss_N.uasset" to "E:/Unreal Projects/TTKREV/Content/StarterContent/Textures/T_Ground_Moss_N.uasset"
[2016.05.14-15.43.52:986][  0]LogPackFactory: Copied "../../../Samples/StarterContent/Content/StarterContent/Textures/T_Lamp_M.uasset" to "E:/Unreal Projects/TTKREV/Content/StarterContent/Textures/T_Lamp_M.uasset"
[2016.05.14-15.43.52:997][  0]LogPackFactory: Copied "../../../Samples/StarterContent/Content/StarterContent/Textures/T_Lamp_N.uasset" to "E:/Unreal Projects/TTKREV/Content/StarterContent/Textures/T_Lamp_N.uasset"
[2016.05.14-15.43.53:037][  0]LogPackFactory: Copied "../../../Samples/StarterContent/Content/StarterContent/Textures/T_MacroVariation.uasset" to "E:/Unreal Projects/TTKREV/Content/StarterContent/Textures/T_MacroVariation.uasset"
[2016.05.14-15.43.53:076][  0]LogPackFactory: Copied "../../../Samples/StarterContent/Content/StarterContent/Textures/T_Metal_Aluminum_D.uasset" to "E:/Unreal Projects/TTKREV/Content/StarterContent/Textures/T_Metal_Aluminum_D.uasset"
[2016.05.14-15.43.53:109][  0]LogPackFactory: Copied "../../../Samples/StarterContent/Content/StarterContent/Textures/T_Metal_Copper_D.uasset" to "E:/Unreal Projects/TTKREV/Content/StarterContent/Textures/T_Metal_Copper_D.uasset"
[2016.05.14-15.43.53:142][  0]LogPackFactory: Copied "../../../Samples/StarterContent/Content/StarterContent/Textures/T_Metal_Gold_D.uasset" to "E:/Unreal Projects/TTKREV/Content/StarterContent/Textures/T_Metal_Gold_D.uasset"
[2016.05.14-15.43.53:155][  0]LogPackFactory: Copied "../../../Samples/StarterContent/Content/StarterContent/Textures/T_Metal_Gold_N.uasset" to "E:/Unreal Projects/TTKREV/Content/StarterContent/Textures/T_Metal_Gold_N.uasset"
[2016.05.14-15.43.53:192][  0]LogPackFactory: Copied "../../../Samples/StarterContent/Content/StarterContent/Textures/T_Metal_Rust_D.uasset" to "E:/Unreal Projects/TTKREV/Content/StarterContent/Textures/T_Metal_Rust_D.uasset"
[2016.05.14-15.43.53:221][  0]LogPackFactory: Copied "../../../Samples/StarterContent/Content/StarterContent/Textures/T_Metal_Rust_N.uasset" to "E:/Unreal Projects/TTKREV/Content/StarterContent/Textures/T_Metal_Rust_N.uasset"
[2016.05.14-15.43.53:237][  0]LogPackFactory: Copied "../../../Samples/StarterContent/Content/StarterContent/Textures/T_Metal_Steel_D.uasset" to "E:/Unreal Projects/TTKREV/Content/StarterContent/Textures/T_Metal_Steel_D.uasset"
[2016.05.14-15.43.53:257][  0]LogPackFactory: Copied "../../../Samples/StarterContent/Content/StarterContent/Textures/T_Metal_Steel_N.uasset" to "E:/Unreal Projects/TTKREV/Content/StarterContent/Textures/T_Metal_Steel_N.uasset"
[2016.05.14-15.43.53:288][  0]LogPackFactory: Copied "../../../Samples/StarterContent/Content/StarterContent/Textures/T_Perlin_Noise_M.uasset" to "E:/Unreal Projects/TTKREV/Content/StarterContent/Textures/T_Perlin_Noise_M.uasset"
[2016.05.14-15.43.53:302][  0]LogPackFactory: Copied "../../../Samples/StarterContent/Content/StarterContent/Textures/T_RockMesh_M.uasset" to "E:/Unreal Projects/TTKREV/Content/StarterContent/Textures/T_RockMesh_M.uasset"
[2016.05.14-15.43.53:323][  0]LogPackFactory: Copied "../../../Samples/StarterContent/Content/StarterContent/Textures/T_RockMesh_N.uasset" to "E:/Unreal Projects/TTKREV/Content/StarterContent/Textures/T_RockMesh_N.uasset"
[2016.05.14-15.43.53:358][  0]LogPackFactory: Copied "../../../Samples/StarterContent/Content/StarterContent/Textures/T_Rock_Basalt_D.uasset" to "E:/Unreal Projects/TTKREV/Content/StarterContent/Textures/T_Rock_Basalt_D.uasset"
[2016.05.14-15.43.53:394][  0]LogPackFactory: Copied "../../../Samples/StarterContent/Content/StarterContent/Textures/T_Rock_Basalt_N.uasset" to "E:/Unreal Projects/TTKREV/Content/StarterContent/Textures/T_Rock_Basalt_N.uasset"
[2016.05.14-15.43.53:425][  0]LogPackFactory: Copied "../../../Samples/StarterContent/Content/StarterContent/Textures/T_Rock_Marble_Polished_D.uasset" to "E:/Unreal Projects/TTKREV/Content/StarterContent/Textures/T_Rock_Marble_Polished_D.uasset"
[2016.05.14-15.43.53:462][  0]LogPackFactory: Copied "../../../Samples/StarterContent/Content/StarterContent/Textures/T_Rock_Sandstone_D.uasset" to "E:/Unreal Projects/TTKREV/Content/StarterContent/Textures/T_Rock_Sandstone_D.uasset"
[2016.05.14-15.43.53:499][  0]LogPackFactory: Copied "../../../Samples/StarterContent/Content/StarterContent/Textures/T_Rock_Sandstone_N.uasset" to "E:/Unreal Projects/TTKREV/Content/StarterContent/Textures/T_Rock_Sandstone_N.uasset"
[2016.05.14-15.43.53:546][  0]LogPackFactory: Copied "../../../Samples/StarterContent/Content/StarterContent/Textures/T_Rock_Slate_D.uasset" to "E:/Unreal Projects/TTKREV/Content/StarterContent/Textures/T_Rock_Slate_D.uasset"
[2016.05.14-15.43.53:585][  0]LogPackFactory: Copied "../../../Samples/StarterContent/Content/StarterContent/Textures/T_Rock_Slate_N.uasset" to "E:/Unreal Projects/TTKREV/Content/StarterContent/Textures/T_Rock_Slate_N.uasset"
[2016.05.14-15.43.53:624][  0]LogPackFactory: Copied "../../../Samples/StarterContent/Content/StarterContent/Textures/T_Rock_Smooth_Granite_D.uasset" to "E:/Unreal Projects/TTKREV/Content/StarterContent/Textures/T_Rock_Smooth_Granite_D.uasset"
[2016.05.14-15.43.53:632][  0]LogPackFactory: Copied "../../../Samples/StarterContent/Content/StarterContent/Textures/T_Shelf_M.uasset" to "E:/Unreal Projects/TTKREV/Content/StarterContent/Textures/T_Shelf_M.uasset"
[2016.05.14-15.43.53:660][  0]LogPackFactory: Copied "../../../Samples/StarterContent/Content/StarterContent/Textures/T_Shelf_N.uasset" to "E:/Unreal Projects/TTKREV/Content/StarterContent/Textures/T_Shelf_N.uasset"
[2016.05.14-15.43.53:664][  0]LogPackFactory: Copied "../../../Samples/StarterContent/Content/StarterContent/Textures/T_Single_Tile_N.uasset" to "E:/Unreal Projects/TTKREV/Content/StarterContent/Textures/T_Single_Tile_N.uasset"
[2016.05.14-15.43.53:685][  0]LogPackFactory: Copied "../../../Samples/StarterContent/Content/StarterContent/Textures/T_Smoke_SubUV.uasset" to "E:/Unreal Projects/TTKREV/Content/StarterContent/Textures/T_Smoke_SubUV.uasset"
[2016.05.14-15.43.53:706][  0]LogPackFactory: Copied "../../../Samples/StarterContent/Content/StarterContent/Textures/T_Smoke_Tiled_D.uasset" to "E:/Unreal Projects/TTKREV/Content/StarterContent/Textures/T_Smoke_Tiled_D.uasset"
[2016.05.14-15.43.53:768][  0]LogPackFactory: Copied "../../../Samples/StarterContent/Content/StarterContent/Textures/T_Spark_Core.uasset" to "E:/Unreal Projects/TTKREV/Content/StarterContent/Textures/T_Spark_Core.uasset"
[2016.05.14-15.43.53:774][  0]LogPackFactory: Copied "../../../Samples/StarterContent/Content/StarterContent/Textures/T_Statue_M.uasset" to "E:/Unreal Projects/TTKREV/Content/StarterContent/Textures/T_Statue_M.uasset"
[2016.05.14-15.43.53:780][  0]LogPackFactory: Copied "../../../Samples/StarterContent/Content/StarterContent/Textures/T_Statue_N.uasset" to "E:/Unreal Projects/TTKREV/Content/StarterContent/Textures/T_Statue_N.uasset"
[2016.05.14-15.43.53:788][  0]LogPackFactory: Copied "../../../Samples/StarterContent/Content/StarterContent/Textures/T_TableRound_M.uasset" to "E:/Unreal Projects/TTKREV/Content/StarterContent/Textures/T_TableRound_M.uasset"
[2016.05.14-15.43.53:798][  0]LogPackFactory: Copied "../../../Samples/StarterContent/Content/StarterContent/Textures/T_TableRound_N.uasset" to "E:/Unreal Projects/TTKREV/Content/StarterContent/Textures/T_TableRound_N.uasset"
[2016.05.14-15.43.53:803][  0]LogPackFactory: Copied "../../../Samples/StarterContent/Content/StarterContent/Textures/T_Tech_Dot_M.uasset" to "E:/Unreal Projects/TTKREV/Content/StarterContent/Textures/T_Tech_Dot_M.uasset"
[2016.05.14-15.43.53:808][  0]LogPackFactory: Copied "../../../Samples/StarterContent/Content/StarterContent/Textures/T_Tech_Dot_N.uasset" to "E:/Unreal Projects/TTKREV/Content/StarterContent/Textures/T_Tech_Dot_N.uasset"
[2016.05.14-15.43.53:815][  0]LogPackFactory: Copied "../../../Samples/StarterContent/Content/StarterContent/Textures/T_Tech_Hex_Tile_M.uasset" to "E:/Unreal Projects/TTKREV/Content/StarterContent/Textures/T_Tech_Hex_Tile_M.uasset"
[2016.05.14-15.43.53:821][  0]LogPackFactory: Copied "../../../Samples/StarterContent/Content/StarterContent/Textures/T_Tech_Hex_Tile_N.uasset" to "E:/Unreal Projects/TTKREV/Content/StarterContent/Textures/T_Tech_Hex_Tile_N.uasset"
[2016.05.14-15.43.53:828][  0]LogPackFactory: Copied "../../../Samples/StarterContent/Content/StarterContent/Textures/T_Tech_Panel_M.uasset" to "E:/Unreal Projects/TTKREV/Content/StarterContent/Textures/T_Tech_Panel_M.uasset"
[2016.05.14-15.43.53:838][  0]LogPackFactory: Copied "../../../Samples/StarterContent/Content/StarterContent/Textures/T_Tech_Panel_N.uasset" to "E:/Unreal Projects/TTKREV/Content/StarterContent/Textures/T_Tech_Panel_N.uasset"
[2016.05.14-15.43.53:849][  0]LogPackFactory: Copied "../../../Samples/StarterContent/Content/StarterContent/Textures/T_Water_M.uasset" to "E:/Unreal Projects/TTKREV/Content/StarterContent/Textures/T_Water_M.uasset"
[2016.05.14-15.43.53:860][  0]LogPackFactory: Copied "../../../Samples/StarterContent/Content/StarterContent/Textures/T_Water_N.uasset" to "E:/Unreal Projects/TTKREV/Content/StarterContent/Textures/T_Water_N.uasset"
[2016.05.14-15.43.53:879][  0]LogPackFactory: Copied "../../../Samples/StarterContent/Content/StarterContent/Textures/T_Wood_Floor_Walnut_D.uasset" to "E:/Unreal Projects/TTKREV/Content/StarterContent/Textures/T_Wood_Floor_Walnut_D.uasset"
[2016.05.14-15.43.53:898][  0]LogPackFactory: Copied "../../../Samples/StarterContent/Content/StarterContent/Textures/T_Wood_Floor_Walnut_M.uasset" to "E:/Unreal Projects/TTKREV/Content/StarterContent/Textures/T_Wood_Floor_Walnut_M.uasset"
[2016.05.14-15.43.53:911][  0]LogPackFactory: Copied "../../../Samples/StarterContent/Content/StarterContent/Textures/T_Wood_Floor_Walnut_N.uasset" to "E:/Unreal Projects/TTKREV/Content/StarterContent/Textures/T_Wood_Floor_Walnut_N.uasset"
[2016.05.14-15.43.53:938][  0]LogPackFactory: Copied "../../../Samples/StarterContent/Content/StarterContent/Textures/T_Wood_Oak_D.uasset" to "E:/Unreal Projects/TTKREV/Content/StarterContent/Textures/T_Wood_Oak_D.uasset"
[2016.05.14-15.43.53:963][  0]LogPackFactory: Copied "../../../Samples/StarterContent/Content/StarterContent/Textures/T_Wood_Oak_N.uasset" to "E:/Unreal Projects/TTKREV/Content/StarterContent/Textures/T_Wood_Oak_N.uasset"
[2016.05.14-15.43.54:002][  0]LogPackFactory: Copied "../../../Samples/StarterContent/Content/StarterContent/Textures/T_Wood_Pine_D.uasset" to "E:/Unreal Projects/TTKREV/Content/StarterContent/Textures/T_Wood_Pine_D.uasset"
[2016.05.14-15.43.54:019][  0]LogPackFactory: Copied "../../../Samples/StarterContent/Content/StarterContent/Textures/T_Wood_Pine_N.uasset" to "E:/Unreal Projects/TTKREV/Content/StarterContent/Textures/T_Wood_Pine_N.uasset"
[2016.05.14-15.43.54:044][  0]LogPackFactory: Copied "../../../Samples/StarterContent/Content/StarterContent/Textures/T_Wood_Walnut_D.uasset" to "E:/Unreal Projects/TTKREV/Content/StarterContent/Textures/T_Wood_Walnut_D.uasset"
[2016.05.14-15.43.54:061][  0]LogPackFactory: Copied "../../../Samples/StarterContent/Content/StarterContent/Textures/T_Wood_Walnut_N.uasset" to "E:/Unreal Projects/TTKREV/Content/StarterContent/Textures/T_Wood_Walnut_N.uasset"
[2016.05.14-15.43.54:128][  0]LogRenderer: Reallocating scene render targets to support 256x256 (Frame:2).
[2016.05.14-15.43.54:157][  0]Cmd: OBJ SAVEPACKAGE PACKAGE="/Game/StarterContent/Architecture/Floor_400x400" FILE="E:/Unreal Projects/TTKREV/Content/StarterContent/Architecture/Floor_400x400.uasset" SILENT=true
[2016.05.14-15.43.54:169][  0]LogSavePackage: Save=7.647295ms
[2016.05.14-15.43.54:169][  0]LogSavePackage: Moving 'E:/Unreal Projects/TTKREV/Saved/Floor_400x400F5CED61141F63E74F17CACAF45687044.tmp' to 'E:/Unreal Projects/TTKREV/Content/StarterContent/Architecture/Floor_400x400.uasset'
[2016.05.14-15.43.54:171][  0]LogSavePackage: Total save time: 13.124276ms
[2016.05.14-15.43.54:171][  0]LogSavePackage:Display: Finished SavePackage E:/Unreal Projects/TTKREV/Content/StarterContent/Architecture/Floor_400x400.uasset
[2016.05.14-15.43.54:171][  0]LogFeaturePack:Warning: Inserted 1 feature packs
[2016.05.14-15.43.54:173][  0]Cmd: MAP LOAD FILE="E:/Unreal Projects/TTKREV/Content/ThirdPersonBP/Maps/ThirdPersonExampleMap.umap" TEMPLATE=0 SHOWPROGRESS=1 FEATURELEVEL=3
[2016.05.14-15.43.54:173][  0]LightingResults: New page: Lighting Build
[2016.05.14-15.43.54:175][  0]MapCheck: New page: Map Check
[2016.05.14-15.43.54:175][  0]LightingResults: New page: Lighting Build
[2016.05.14-15.43.54:184][  0]LogParticles: Destroying 0 GPU particle simulations for FXSystem 0x0000000023FC2020
[2016.05.14-15.43.54: